<?xml version="1.0" encoding="UTF-8"?>
<testng-results ignored="0" total="1" passed="1" failed="0" skipped="0">
  <reporter-output>
  </reporter-output>
  <suite started-at="2019-01-09T22:55:37Z" name="Default suite" finished-at="2019-01-09T22:55:47Z" duration-ms="10001">
    <groups>
    </groups>
    <test started-at="2019-01-09T22:55:37Z" name="Default test" finished-at="2019-01-09T22:55:47Z" duration-ms="10001">
      <class name="test.Login">
        <test-method is-config="true" signature="initialize()[pri:0, instance:test.Login@5d0a1059]" started-at="2019-01-09T22:55:37Z" name="initialize" finished-at="2019-01-09T22:55:41Z" duration-ms="3852" status="PASS">
          <reporter-output>
          </reporter-output>
        </test-method> <!-- initialize -->
        <test-method signature="cTest()[pri:0, instance:test.Login@5d0a1059]" started-at="2019-01-09T22:55:41Z" name="cTest" finished-at="2019-01-09T22:55:47Z" duration-ms="5733" status="PASS">
          <reporter-output>
          </reporter-output>
        </test-method> <!-- cTest -->
        <test-method is-config="true" signature="teardown()[pri:0, instance:test.Login@5d0a1059]" started-at="2019-01-09T22:55:47Z" name="teardown" finished-at="2019-01-09T22:55:47Z" duration-ms="384" status="PASS">
          <reporter-output>
          </reporter-output>
        </test-method> <!-- teardown -->
      </class> <!-- test.Login -->
    </test> <!-- Default test -->
  </suite> <!-- Default suite -->
</testng-results>
